<?xml version="1.0" encoding="UTF-8"?>
<testng-results ignored="0" total="1" passed="1" failed="0" skipped="0">
  <reporter-output>
  </reporter-output>
  <suite started-at="2024-02-22T15:40:18 NPT" name="Default suite" finished-at="2024-02-22T15:40:40 NPT" duration-ms="22040">
    <groups>
    </groups>
    <test started-at="2024-02-22T15:40:18 NPT" name="Default test" finished-at="2024-02-22T15:40:40 NPT" duration-ms="22040">
      <class name="WebDemo.MyAccount">
        <test-method signature="customerinfo()[pri:0, instance:WebDemo.MyAccount@7205765b]" started-at="2024-02-22T15:40:18 NPT" name="customerinfo" finished-at="2024-02-22T15:40:40 NPT" duration-ms="21974" status="PASS">
          <reporter-output>
          </reporter-output>
        </test-method> <!-- customerinfo -->
      </class> <!-- WebDemo.MyAccount -->
    </test> <!-- Default test -->
  </suite> <!-- Default suite -->
</testng-results>
